{"level":"error","message":"info is not defined info is not defined","stack":"ReferenceError: info is not defined\n    at Server.<anonymous> (E:\\github\\Twitter-Clone\\index.js:9:13)\n    at Object.onceWrapper (events.js:421:28)\n    at Server.emit (events.js:315:20)\n    at emitListeningNT (net.js:1347:10)\n    at processTicksAndRejections (internal/process/task_queues.js:83:21)"}
{"message":"connected to mongodb...","level":"info"}
{"level":"error","message":"info is not a function info is not a function","stack":"TypeError: info is not a function\n    at Server.<anonymous> (E:\\github\\Twitter-Clone\\index.js:9:17)\n    at Object.onceWrapper (events.js:421:28)\n    at Server.emit (events.js:315:20)\n    at emitListeningNT (net.js:1347:10)\n    at processTicksAndRejections (internal/process/task_queues.js:83:21)"}
{"level":"error","message":"info is not a function info is not a function","stack":"TypeError: info is not a function\n    at Server.<anonymous> (E:\\github\\Twitter-Clone\\index.js:9:17)\n    at Object.onceWrapper (events.js:421:28)\n    at Server.emit (events.js:315:20)\n    at emitListeningNT (net.js:1347:10)\n    at processTicksAndRejections (internal/process/task_queues.js:83:21)"}
{"message":"connected to mongodb...","level":"info"}
{"code":"MODULE_NOT_FOUND","requireStack":["E:\\github\\Twitter-Clone\\index.js"],"level":"error","message":"Cannot find module './app/'\nRequire stack:\n- E:\\github\\Twitter-Clone\\index.js Cannot find module './app/'\nRequire stack:\n- E:\\github\\Twitter-Clone\\index.js","stack":"Error: Cannot find module './app/'\nRequire stack:\n- E:\\github\\Twitter-Clone\\index.js\n    at Function.Module._resolveFilename (internal/modules/cjs/loader.js:965:15)\n    at Function.Module._load (internal/modules/cjs/loader.js:841:27)\n    at Module.require (internal/modules/cjs/loader.js:1025:19)\n    at require (internal/modules/cjs/helpers.js:72:18)\n    at Object.<anonymous> (E:\\github\\Twitter-Clone\\index.js:5:15)\n    at Module._compile (internal/modules/cjs/loader.js:1137:30)\n    at Object.Module._extensions..js (internal/modules/cjs/loader.js:1157:10)\n    at Module.load (internal/modules/cjs/loader.js:985:32)\n    at Function.Module._load (internal/modules/cjs/loader.js:878:14)\n    at Function.executeUserEntryPoint [as runMain] (internal/modules/run_main.js:71:12)\n    at internal/main/run_main_module.js:17:47"}
{"code":"MODULE_NOT_FOUND","requireStack":["E:\\github\\Twitter-Clone\\index.js"],"level":"error","message":"Cannot find module './app/utils'\nRequire stack:\n- E:\\github\\Twitter-Clone\\index.js Cannot find module './app/utils'\nRequire stack:\n- E:\\github\\Twitter-Clone\\index.js","stack":"Error: Cannot find module './app/utils'\nRequire stack:\n- E:\\github\\Twitter-Clone\\index.js\n    at Function.Module._resolveFilename (internal/modules/cjs/loader.js:965:15)\n    at Function.Module._load (internal/modules/cjs/loader.js:841:27)\n    at Module.require (internal/modules/cjs/loader.js:1025:19)\n    at require (internal/modules/cjs/helpers.js:72:18)\n    at Object.<anonymous> (E:\\github\\Twitter-Clone\\index.js:5:15)\n    at Module._compile (internal/modules/cjs/loader.js:1137:30)\n    at Object.Module._extensions..js (internal/modules/cjs/loader.js:1157:10)\n    at Module.load (internal/modules/cjs/loader.js:985:32)\n    at Function.Module._load (internal/modules/cjs/loader.js:878:14)\n    at Function.executeUserEntryPoint [as runMain] (internal/modules/run_main.js:71:12)\n    at internal/main/run_main_module.js:17:47"}
{"message":"connected to mongodb...","level":"info"}
{"ok":0,"code":8000,"codeName":"AtlasError","name":"MongoError","level":"error"}
{"ok":0,"code":8000,"codeName":"AtlasError","name":"MongoError","level":"error"}
{"errno":"ESERVFAIL","code":"ESERVFAIL","syscall":"queryTxt","hostname":"cluster0.mo58d.mongodb.net","level":"error"}
{"ok":0,"code":8000,"codeName":"AtlasError","name":"MongoError","level":"error"}
{"ok":0,"code":8000,"codeName":"AtlasError","name":"MongoError","level":"error"}
{"ok":0,"code":8000,"codeName":"AtlasError","name":"MongoError","level":"error"}
{"ok":0,"code":8000,"codeName":"AtlasError","name":"MongoError","level":"error"}
{"message":"Could not connect to any servers in your MongoDB Atlas cluster. One common reason is that you're trying to access the database from an IP that isn't whitelisted. Make sure your current IP address is on your Atlas cluster's IP whitelist: https://docs.atlas.mongodb.com/security-whitelist/","reason":{"type":"Single","setName":null,"maxSetVersion":null,"maxElectionId":null,"servers":{},"stale":false,"compatible":true,"compatibilityError":null,"logicalSessionTimeoutMinutes":null,"heartbeatFrequencyMS":10000,"localThresholdMS":15,"commonWireVersion":null},"level":"error"}
{"ok":0,"code":8000,"codeName":"AtlasError","name":"MongoError","level":"error"}
{"ok":0,"code":8000,"codeName":"AtlasError","name":"MongoError","level":"error"}
{"ok":0,"code":8000,"codeName":"AtlasError","name":"MongoError","level":"error"}
{"message":"connected to mongodb...","level":"info"}
{"message":"connected to mongodb...","level":"info"}
{"message":"connected to mongodb...","level":"info"}
{"message":"connected to mongodb...","level":"info"}
{"message":"connected to mongodb...","level":"info"}
{"message":"connected to mongodb...","level":"info"}
{"message":"connected to mongodb...","level":"info"}
{"message":"connected to mongodb...","level":"info"}
{"message":"connected to mongodb...","level":"info"}
{"message":"connected to mongodb...","level":"info"}
{"message":"connected to mongodb...","level":"info"}
{"message":"connected to mongodb...","level":"info"}
{"message":"connected to mongodb...","level":"info"}
{"message":"connected to mongodb...","level":"info"}
{"message":"connected to mongodb...","level":"info"}
{"message":"connected to mongodb...","level":"info"}
{"message":"connected to mongodb...","level":"info"}
{"message":"connected to mongodb...","level":"info"}
{"message":"connected to mongodb...","level":"info"}
{"message":"connected to mongodb...","level":"info"}
{"message":"connected to mongodb...","level":"info"}
{"message":"connected to mongodb...","level":"info"}
{"message":"connected to mongodb...","level":"info"}
{"message":"connected to mongodb...","level":"info"}
{"message":"connected to mongodb...","level":"info"}
{"message":"connected to mongodb...","level":"info"}
{"message":"connected to mongodb...","level":"info"}
{"message":"connected to mongodb...","level":"info"}
{"message":"connected to mongodb...","level":"info"}
{"message":"connected to mongodb...","level":"info"}
{"message":"connected to mongodb...","level":"info"}
{"message":"connected to mongodb...","level":"info"}
{"message":"connected to mongodb...","level":"info"}
{"message":"connected to mongodb...","level":"info"}
{"message":"connected to mongodb...","level":"info"}
{"message":"connected to mongodb...","level":"info"}
{"message":"connected to mongodb...","level":"info"}
{"message":"connected to mongodb...","level":"info"}
{"message":"connected to mongodb...","level":"info"}
{"message":"connected to mongodb...","level":"info"}
{"message":"connected to mongodb...","level":"info"}
{"message":"connected to mongodb...","level":"info"}
{"message":"connected to mongodb...","level":"info"}
{"message":"connected to mongodb...","level":"info"}
{"message":"connected to mongodb...","level":"info"}
{"message":"connected to mongodb...","level":"info"}
{"message":"connected to mongodb...","level":"info"}
{"message":"connected to mongodb...","level":"info"}
{"message":"connected to mongodb...","level":"info"}
{"message":"connected to mongodb...","level":"info"}
{"message":"connected to mongodb...","level":"info"}
{"message":"connected to mongodb...","level":"info"}
{"message":"connected to mongodb...","level":"info"}
{"message":"connected to mongodb...","level":"info"}
{"message":"connected to mongodb...","level":"info"}
{"message":"connected to mongodb...","level":"info"}
{"message":"connected to mongodb...","level":"info"}
{"message":"connected to mongodb...","level":"info"}
{"message":"connected to mongodb...","level":"info"}
{"message":"connected to mongodb...","level":"info"}
{"message":"connected to mongodb...","level":"info"}
{"message":"connected to mongodb...","level":"info"}
{"message":"connected to mongodb...","level":"info"}
{"message":"connected to mongodb...","level":"info"}
{"message":"connected to mongodb...","level":"info"}
{"message":"connected to mongodb...","level":"info"}
{"message":"connected to mongodb...","level":"info"}
{"message":"connected to mongodb...","level":"info"}
{"message":"connected to mongodb...","level":"info"}
{"message":"connected to mongodb...","level":"info"}
{"message":"connected to mongodb...","level":"info"}
{"message":"connected to mongodb...","level":"info"}
{"message":"connected to mongodb...","level":"info"}
{"message":"connected to mongodb...","level":"info"}
{"message":"connected to mongodb...","level":"info"}
{"message":"connected to mongodb...","level":"info"}
{"message":"connected to mongodb...","level":"info"}
{"message":"connected to mongodb...","level":"info"}
{"message":"connected to mongodb...","level":"info"}
{"message":"connected to mongodb...","level":"info"}
{"message":"connected to mongodb...","level":"info"}
{"message":"connected to mongodb...","level":"info"}
{"message":"connected to mongodb...","level":"info"}
{"message":"connected to mongodb...","level":"info"}
{"message":"connected to mongodb...","level":"info"}
{"message":"connected to mongodb...","level":"info"}
{"message":"connected to mongodb...","level":"info"}
{"message":"connected to mongodb...","level":"info"}
{"message":"connected to mongodb...","level":"info"}
{"message":"connected to mongodb...","level":"info"}
{"message":"connected to mongodb...","level":"info"}
{"message":"connected to mongodb...","level":"info"}
{"message":"connected to mongodb...","level":"info"}
{"message":"connected to mongodb...","level":"info"}
{"message":"connected to mongodb...","level":"info"}
{"message":"connected to mongodb...","level":"info"}
{"message":"connected to mongodb...","level":"info"}
{"message":"connected to mongodb...","level":"info"}
{"message":"connected to mongodb...","level":"info"}
{"message":"connected to mongodb...","level":"info"}
{"message":"connected to mongodb...","level":"info"}
{"message":"connected to mongodb...","level":"info"}
{"message":"connected to mongodb...","level":"info"}
{"message":"connected to mongodb...","level":"info"}
{"message":"connected to mongodb...","level":"info"}
{"message":"connected to mongodb...","level":"info"}
{"message":"connected to mongodb...","level":"info"}
{"message":"connected to mongodb...","level":"info"}
{"message":"connected to mongodb...","level":"info"}
{"message":"connected to mongodb...","level":"info"}
{"message":"connected to mongodb...","level":"info"}
{"message":"connected to mongodb...","level":"info"}
{"message":"connected to mongodb...","level":"info"}
{"message":"connected to mongodb...","level":"info"}
{"message":"connected to mongodb...","level":"info"}
{"message":"connected to mongodb...","level":"info"}
{"message":"connected to mongodb...","level":"info"}
{"message":"connected to mongodb...","level":"info"}
